{"uuid":"0d279e11-17dc-48df-96f6-25650ae452fd","historyId":"ecafbe6bac6c7f17feeced5ef35628d0","testCaseId":"[engine:junit-jupiter]/[class:com.wellness.admin.tdGroup.AddGroupTest]/[nested-class:AddGroup]/[method:addGroupSuccess()]","testCaseName":"新增单个门店成功","fullName":"com.wellness.admin.tdGroup.AddGroupTest$AddGroup.addGroupSuccess","labels":[{"name":"junit.platform.uniqueid","value":"[engine:junit-jupiter]/[class:com.wellness.admin.tdGroup.AddGroupTest]/[nested-class:AddGroup]/[method:addGroupSuccess()]"},{"name":"host","value":"zhusc-pc"},{"name":"thread","value":"43288@zhusc-pc.main(1)"},{"name":"framework","value":"junit-platform"},{"name":"language","value":"java"},{"name":"package","value":"com.wellness.admin.tdGroup.AddGroupTest$AddGroup"},{"name":"testClass","value":"com.wellness.admin.tdGroup.AddGroupTest$AddGroup"},{"name":"testMethod","value":"addGroupSuccess"},{"name":"suite","value":"新增通店组成功"}],"links":[],"name":"新增单个门店成功","status":"failed","statusDetails":{"known":false,"muted":false,"flaky":false,"message":"检查响应 (3 failures)\r\n\tcom.jayway.jsonpath.PathNotFoundException: No results for path: $['code']\r\n\tcom.jayway.jsonpath.PathNotFoundException: No results for path: $['message']\r\n\tjava.lang.AssertionError: success\r\nExpected: is <true>\r\n     but: was <false>","trace":"org.opentest4j.MultipleFailuresError: 检查响应 (3 failures)\r\n\tcom.jayway.jsonpath.PathNotFoundException: No results for path: $['code']\r\n\tcom.jayway.jsonpath.PathNotFoundException: No results for path: $['message']\r\n\tjava.lang.AssertionError: success\r\nExpected: is <true>\r\n     but: was <false>\r\n\tat org.junit.jupiter.api.AssertAll.assertAll(AssertAll.java:80)\r\n\tat org.junit.jupiter.api.AssertAll.assertAll(AssertAll.java:44)\r\n\tat org.junit.jupiter.api.Assertions.assertAll(Assertions.java:2911)\r\n\tat com.wellness.qa.util.HttpResultChecker.success(HttpResultChecker.java:47)\r\n\tat com.wellness.qa.util.HttpResultChecker.success(HttpResultChecker.java:23)\r\n\tat com.wellness.admin.tdGroup.AddGroupTest$AddGroup.addGroupSuccess(AddGroupTest.java:84)\r\n\tat sun.reflect.NativeMethodAccessorImpl.invoke0(Native Method)\r\n\tat sun.reflect.NativeMethodAccessorImpl.invoke(NativeMethodAccessorImpl.java:62)\r\n\tat sun.reflect.DelegatingMethodAccessorImpl.invoke(DelegatingMethodAccessorImpl.java:43)\r\n\tat java.lang.reflect.Method.invoke(Method.java:498)\r\n\tat org.junit.platform.commons.util.ReflectionUtils.invokeMethod(ReflectionUtils.java:688)\r\n\tat org.junit.jupiter.engine.execution.MethodInvocation.proceed(MethodInvocation.java:60)\r\n\tat org.junit.jupiter.engine.execution.InvocationInterceptorChain$ValidatingInvocation.proceed(InvocationInterceptorChain.java:131)\r\n\tat org.junit.jupiter.engine.extension.TimeoutExtension.intercept(TimeoutExtension.java:149)\r\n\tat org.junit.jupiter.engine.extension.TimeoutExtension.interceptTestableMethod(TimeoutExtension.java:140)\r\n\tat org.junit.jupiter.engine.extension.TimeoutExtension.interceptTestMethod(TimeoutExtension.java:84)\r\n\tat org.junit.jupiter.engine.execution.ExecutableInvoker$ReflectiveInterceptorCall.lambda$ofVoidMethod$0(ExecutableInvoker.java:115)\r\n\tat org.junit.jupiter.engine.execution.ExecutableInvoker.lambda$invoke$0(ExecutableInvoker.java:105)\r\n\tat org.junit.jupiter.engine.execution.InvocationInterceptorChain$InterceptedInvocation.proceed(InvocationInterceptorChain.java:106)\r\n\tat org.junit.jupiter.engine.execution.InvocationInterceptorChain.proceed(InvocationInterceptorChain.java:64)\r\n\tat org.junit.jupiter.engine.execution.InvocationInterceptorChain.chainAndInvoke(InvocationInterceptorChain.java:45)\r\n\tat org.junit.jupiter.engine.execution.InvocationInterceptorChain.invoke(InvocationInterceptorChain.java:37)\r\n\tat org.junit.jupiter.engine.execution.ExecutableInvoker.invoke(ExecutableInvoker.java:104)\r\n\tat org.junit.jupiter.engine.execution.ExecutableInvoker.invoke(ExecutableInvoker.java:98)\r\n\tat org.junit.jupiter.engine.descriptor.TestMethodTestDescriptor.lambda$invokeTestMethod$6(TestMethodTestDescriptor.java:210)\r\n\tat org.junit.platform.engine.support.hierarchical.ThrowableCollector.execute(ThrowableCollector.java:73)\r\n\tat org.junit.jupiter.engine.descriptor.TestMethodTestDescriptor.invokeTestMethod(TestMethodTestDescriptor.java:206)\r\n\tat org.junit.jupiter.engine.descriptor.TestMethodTestDescriptor.execute(TestMethodTestDescriptor.java:131)\r\n\tat org.junit.jupiter.engine.descriptor.TestMethodTestDescriptor.execute(TestMethodTestDescriptor.java:65)\r\n\tat org.junit.platform.engine.support.hierarchical.NodeTestTask.lambda$executeRecursively$5(NodeTestTask.java:139)\r\n\tat org.junit.platform.engine.support.hierarchical.ThrowableCollector.execute(ThrowableCollector.java:73)\r\n\tat org.junit.platform.engine.support.hierarchical.NodeTestTask.lambda$executeRecursively$7(NodeTestTask.java:129)\r\n\tat org.junit.platform.engine.support.hierarchical.Node.around(Node.java:137)\r\n\tat org.junit.platform.engine.support.hierarchical.NodeTestTask.lambda$executeRecursively$8(NodeTestTask.java:127)\r\n\tat org.junit.platform.engine.support.hierarchical.ThrowableCollector.execute(ThrowableCollector.java:73)\r\n\tat org.junit.platform.engine.support.hierarchical.NodeTestTask.executeRecursively(NodeTestTask.java:126)\r\n\tat org.junit.platform.engine.support.hierarchical.NodeTestTask.execute(NodeTestTask.java:84)\r\n\tat java.util.ArrayList.forEach(ArrayList.java:1249)\r\n\tat org.junit.platform.engine.support.hierarchical.SameThreadHierarchicalTestExecutorService.invokeAll(SameThreadHierarchicalTestExecutorService.java:38)\r\n\tat org.junit.platform.engine.support.hierarchical.NodeTestTask.lambda$executeRecursively$5(NodeTestTask.java:143)\r\n\tat org.junit.platform.engine.support.hierarchical.ThrowableCollector.execute(ThrowableCollector.java:73)\r\n\tat org.junit.platform.engine.support.hierarchical.NodeTestTask.lambda$executeRecursively$7(NodeTestTask.java:129)\r\n\tat org.junit.platform.engine.support.hierarchical.Node.around(Node.java:137)\r\n\tat org.junit.platform.engine.support.hierarchical.NodeTestTask.lambda$executeRecursively$8(NodeTestTask.java:127)\r\n\tat org.junit.platform.engine.support.hierarchical.ThrowableCollector.execute(ThrowableCollector.java:73)\r\n\tat org.junit.platform.engine.support.hierarchical.NodeTestTask.executeRecursively(NodeTestTask.java:126)\r\n\tat org.junit.platform.engine.support.hierarchical.NodeTestTask.execute(NodeTestTask.java:84)\r\n\tat java.util.ArrayList.forEach(ArrayList.java:1249)\r\n\tat org.junit.platform.engine.support.hierarchical.SameThreadHierarchicalTestExecutorService.invokeAll(SameThreadHierarchicalTestExecutorService.java:38)\r\n\tat org.junit.platform.engine.support.hierarchical.NodeTestTask.lambda$executeRecursively$5(NodeTestTask.java:143)\r\n\tat org.junit.platform.engine.support.hierarchical.ThrowableCollector.execute(ThrowableCollector.java:73)\r\n\tat org.junit.platform.engine.support.hierarchical.NodeTestTask.lambda$executeRecursively$7(NodeTestTask.java:129)\r\n\tat org.junit.platform.engine.support.hierarchical.Node.around(Node.java:137)\r\n\tat org.junit.platform.engine.support.hierarchical.NodeTestTask.lambda$executeRecursively$8(NodeTestTask.java:127)\r\n\tat org.junit.platform.engine.support.hierarchical.ThrowableCollector.execute(ThrowableCollector.java:73)\r\n\tat org.junit.platform.engine.support.hierarchical.NodeTestTask.executeRecursively(NodeTestTask.java:126)\r\n\tat org.junit.platform.engine.support.hierarchical.NodeTestTask.execute(NodeTestTask.java:84)\r\n\tat java.util.ArrayList.forEach(ArrayList.java:1249)\r\n\tat org.junit.platform.engine.support.hierarchical.SameThreadHierarchicalTestExecutorService.invokeAll(SameThreadHierarchicalTestExecutorService.java:38)\r\n\tat org.junit.platform.engine.support.hierarchical.NodeTestTask.lambda$executeRecursively$5(NodeTestTask.java:143)\r\n\tat org.junit.platform.engine.support.hierarchical.ThrowableCollector.execute(ThrowableCollector.java:73)\r\n\tat org.junit.platform.engine.support.hierarchical.NodeTestTask.lambda$executeRecursively$7(NodeTestTask.java:129)\r\n\tat org.junit.platform.engine.support.hierarchical.Node.around(Node.java:137)\r\n\tat org.junit.platform.engine.support.hierarchical.NodeTestTask.lambda$executeRecursively$8(NodeTestTask.java:127)\r\n\tat org.junit.platform.engine.support.hierarchical.ThrowableCollector.execute(ThrowableCollector.java:73)\r\n\tat org.junit.platform.engine.support.hierarchical.NodeTestTask.executeRecursively(NodeTestTask.java:126)\r\n\tat org.junit.platform.engine.support.hierarchical.NodeTestTask.execute(NodeTestTask.java:84)\r\n\tat org.junit.platform.engine.support.hierarchical.SameThreadHierarchicalTestExecutorService.submit(SameThreadHierarchicalTestExecutorService.java:32)\r\n\tat org.junit.platform.engine.support.hierarchical.HierarchicalTestExecutor.execute(HierarchicalTestExecutor.java:57)\r\n\tat org.junit.platform.engine.support.hierarchical.HierarchicalTestEngine.execute(HierarchicalTestEngine.java:51)\r\n\tat org.junit.platform.launcher.core.EngineExecutionOrchestrator.execute(EngineExecutionOrchestrator.java:107)\r\n\tat org.junit.platform.launcher.core.EngineExecutionOrchestrator.execute(EngineExecutionOrchestrator.java:88)\r\n\tat org.junit.platform.launcher.core.EngineExecutionOrchestrator.lambda$execute$0(EngineExecutionOrchestrator.java:54)\r\n\tat org.junit.platform.launcher.core.EngineExecutionOrchestrator.withInterceptedStreams(EngineExecutionOrchestrator.java:67)\r\n\tat org.junit.platform.launcher.core.EngineExecutionOrchestrator.execute(EngineExecutionOrchestrator.java:52)\r\n\tat org.junit.platform.launcher.core.DefaultLauncher.execute(DefaultLauncher.java:114)\r\n\tat org.junit.platform.launcher.core.DefaultLauncher.execute(DefaultLauncher.java:86)\r\n\tat org.junit.platform.launcher.core.DefaultLauncherSession$DelegatingLauncher.execute(DefaultLauncherSession.java:86)\r\n\tat org.junit.platform.launcher.core.SessionPerRequestLauncher.execute(SessionPerRequestLauncher.java:53)\r\n\tat com.intellij.junit5.JUnit5IdeaTestRunner.startRunnerWithArgs(JUnit5IdeaTestRunner.java:71)\r\n\tat com.intellij.rt.junit.IdeaTestRunner$Repeater.startRunnerWithArgs(IdeaTestRunner.java:33)\r\n\tat com.intellij.rt.junit.JUnitStarter.prepareStreamsAndStart(JUnitStarter.java:235)\r\n\tat com.intellij.rt.junit.JUnitStarter.main(JUnitStarter.java:54)\r\n\tSuppressed: com.jayway.jsonpath.PathNotFoundException: No results for path: $['code']\r\n\tSuppressed: com.jayway.jsonpath.PathNotFoundException: No results for path: $['message']\r\n\tSuppressed: java.lang.AssertionError: success\r\nExpected: is <true>\r\n     but: was <false>\r\n\t\tat org.hamcrest.MatcherAssert.assertThat(MatcherAssert.java:20)\r\n\t\tat com.wellness.qa.util.HttpResultChecker.lambda$success$2(HttpResultChecker.java:59)\r\n\t\tat org.junit.jupiter.api.AssertAll.lambda$assertAll$1(AssertAll.java:68)\r\n\t\tat java.util.stream.ReferencePipeline$3$1.accept(ReferencePipeline.java:193)\r\n\t\tat java.util.stream.ReferencePipeline$11$1.accept(ReferencePipeline.java:373)\r\n\t\tat java.util.Spliterators$ArraySpliterator.forEachRemaining(Spliterators.java:948)\r\n\t\tat java.util.stream.AbstractPipeline.copyInto(AbstractPipeline.java:481)\r\n\t\tat java.util.stream.AbstractPipeline.wrapAndCopyInto(AbstractPipeline.java:471)\r\n\t\tat java.util.stream.ReduceOps$ReduceOp.evaluateSequential(ReduceOps.java:708)\r\n\t\tat java.util.stream.AbstractPipeline.evaluate(AbstractPipeline.java:234)\r\n\t\tat java.util.stream.ReferencePipeline.collect(ReferencePipeline.java:499)\r\n\t\tat org.junit.jupiter.api.AssertAll.assertAll(AssertAll.java:77)\r\n\t\t... 82 more\r\n"},"stage":"finished","description":"","steps":[{"name":"http请求","status":"passed","stage":"finished","steps":[],"attachments":[{"name":"请求Url","source":"ce4a55ee-e5e1-4734-aa2c-e89ad05f4f0c-attachment.txt","type":"text/plain"},{"name":"请求方法","source":"5e87ec58-fe98-457d-b16e-6a352ea279da-attachment.txt","type":"text/plain"},{"name":"请求Headers","source":"492db360-1952-4fdd-b256-781da45e6060-attachment.txt","type":"text/plain"}],"parameters":[],"start":1675754412131,"stop":1675754412146},{"name":"http响应","status":"passed","stage":"finished","steps":[],"attachments":[{"name":"响应Header","source":"6a8aa82f-c945-4b44-bd4b-1700310f8823-attachment.txt","type":"text/plain"},{"name":"响应Body","source":"e7c6c05c-c829-4864-ac4b-445626e42885-attachment.txt","type":"application/json"}],"parameters":[],"start":1675754412317,"stop":1675754412321}],"attachments":[],"parameters":[],"start":1675754412094,"stop":1675754412346}